<?xml version="1.0" encoding="UTF-8"?>
<!-- Generated by org.testng.reporters.JUnitXMLReporter -->
<testsuite ignored="0" hostname="Uber9-Lap-047" failures="0" tests="1" name="Default test" time="2.042" errors="0" timestamp="2024-04-10T13:36:32 IST">
  <testcase classname="CriticalFlowRun.Criticalflow" name="@BeforeTest Max" time="1.708">
    <failure type="org.openqa.selenium.SessionNotCreatedException" message="session not created: This version of ChromeDriver only supports Chrome version 114
Current browser version is 123.0.6312.106 with binary path C:\Program Files\Google\Chrome\Application\chrome.exe
Build info: version: &amp;apos;3.141.59&amp;apos;, revision: &amp;apos;e82be7d358&amp;apos;, time: &amp;apos;2018-11-14T08:17:03&amp;apos;
System info: host: &amp;apos;UBER9-LAP-047&amp;apos;, ip: &amp;apos;10.10.4.208&amp;apos;, os.name: &amp;apos;Windows 10&amp;apos;, os.arch: &amp;apos;amd64&amp;apos;, os.version: &amp;apos;10.0&amp;apos;, java.version: &amp;apos;17.0.5&amp;apos;
Driver info: driver.version: ChromeDriver
remote stacktrace: Backtrace:
	GetHandleVerifier [0x010FA813+48355]
	(No symbol) [0x0108C4B1]
	(No symbol) [0x00F95358]
	(No symbol) [0x00FB61AC]
	(No symbol) [0x00FB1EF3]
	(No symbol) [0x00FB0579]
	(No symbol) [0x00FE0C55]
	(No symbol) [0x00FE093C]
	(No symbol) [0x00FDA536]
	(No symbol) [0x00FB82DC]
	(No symbol) [0x00FB93DD]
	GetHandleVerifier [0x0135AABD+2539405]
	GetHandleVerifier [0x0139A78F+2800735]
	GetHandleVerifier [0x0139456C+2775612]
	GetHandleVerifier [0x011851E0+616112]
	(No symbol) [0x01095F8C]
	(No symbol) [0x01092328]
	(No symbol) [0x0109240B]
	(No symbol) [0x01084FF7]
	BaseThreadInitThunk [0x76B7FCC9+25]
	RtlGetAppContainerNamedObjectPath [0x76F97C5E+286]
	RtlGetAppContainerNamedObjectPath [0x76F97C2E+238]
">
      <![CDATA[org.openqa.selenium.SessionNotCreatedException: session not created: This version of ChromeDriver only supports Chrome version 114
Current browser version is 123.0.6312.106 with binary path C:\Program Files\Google\Chrome\Application\chrome.exe
Build info: version: '3.141.59', revision: 'e82be7d358', time: '2018-11-14T08:17:03'
System info: host: 'UBER9-LAP-047', ip: '10.10.4.208', os.name: 'Windows 10', os.arch: 'amd64', os.version: '10.0', java.version: '17.0.5'
Driver info: driver.version: ChromeDriver
remote stacktrace: Backtrace:
GetHandleVerifier [0x010FA813+48355]
(No symbol) [0x0108C4B1]
(No symbol) [0x00F95358]
(No symbol) [0x00FB61AC]
(No symbol) [0x00FB1EF3]
(No symbol) [0x00FB0579]
(No symbol) [0x00FE0C55]
(No symbol) [0x00FE093C]
(No symbol) [0x00FDA536]
(No symbol) [0x00FB82DC]
(No symbol) [0x00FB93DD]
GetHandleVerifier [0x0135AABD+2539405]
GetHandleVerifier [0x0139A78F+2800735]
GetHandleVerifier [0x0139456C+2775612]
GetHandleVerifier [0x011851E0+616112]
(No symbol) [0x01095F8C]
(No symbol) [0x01092328]
(No symbol) [0x0109240B]
(No symbol) [0x01084FF7]
BaseThreadInitThunk [0x76B7FCC9+25]
RtlGetAppContainerNamedObjectPath [0x76F97C5E+286]
RtlGetAppContainerNamedObjectPath [0x76F97C2E+238]

at java.base/jdk.internal.reflect.NativeConstructorAccessorImpl.newInstance0(Native Method)
at java.base/jdk.internal.reflect.NativeConstructorAccessorImpl.newInstance(NativeConstructorAccessorImpl.java:77)
at java.base/jdk.internal.reflect.DelegatingConstructorAccessorImpl.newInstance(DelegatingConstructorAccessorImpl.java:45)
at java.base/java.lang.reflect.Constructor.newInstanceWithCaller(Constructor.java:499)
at java.base/java.lang.reflect.Constructor.newInstance(Constructor.java:480)
at org.openqa.selenium.remote.W3CHandshakeResponse.lambda$errorHandler$0(W3CHandshakeResponse.java:62)
at org.openqa.selenium.remote.HandshakeResponse.lambda$getResponseFunction$0(HandshakeResponse.java:30)
at org.openqa.selenium.remote.ProtocolHandshake.lambda$createSession$0(ProtocolHandshake.java:126)
at java.base/java.util.stream.ReferencePipeline$3$1.accept(ReferencePipeline.java:197)
at java.base/java.util.Spliterators$ArraySpliterator.tryAdvance(Spliterators.java:1002)
at java.base/java.util.stream.ReferencePipeline.forEachWithCancel(ReferencePipeline.java:129)
at java.base/java.util.stream.AbstractPipeline.copyIntoWithCancel(AbstractPipeline.java:527)
at java.base/java.util.stream.AbstractPipeline.copyInto(AbstractPipeline.java:513)
at java.base/java.util.stream.AbstractPipeline.wrapAndCopyInto(AbstractPipeline.java:499)
at java.base/java.util.stream.FindOps$FindOp.evaluateSequential(FindOps.java:150)
at java.base/java.util.stream.AbstractPipeline.evaluate(AbstractPipeline.java:234)
at java.base/java.util.stream.ReferencePipeline.findFirst(ReferencePipeline.java:647)
at org.openqa.selenium.remote.ProtocolHandshake.createSession(ProtocolHandshake.java:128)
at org.openqa.selenium.remote.ProtocolHandshake.createSession(ProtocolHandshake.java:74)
at org.openqa.selenium.remote.HttpCommandExecutor.execute(HttpCommandExecutor.java:136)
at org.openqa.selenium.remote.service.DriverCommandExecutor.execute(DriverCommandExecutor.java:83)
at org.openqa.selenium.remote.RemoteWebDriver.execute(RemoteWebDriver.java:552)
at org.openqa.selenium.remote.RemoteWebDriver.startSession(RemoteWebDriver.java:213)
at org.openqa.selenium.remote.RemoteWebDriver.<init>(RemoteWebDriver.java:131)
at org.openqa.selenium.chrome.ChromeDriver.<init>(ChromeDriver.java:181)
at org.openqa.selenium.chrome.ChromeDriver.<init>(ChromeDriver.java:168)
at org.openqa.selenium.chrome.ChromeDriver.<init>(ChromeDriver.java:123)
at CriticalFlowRun.Criticalflow.Max(Criticalflow.java:103)
at java.base/jdk.internal.reflect.NativeMethodAccessorImpl.invoke0(Native Method)
at java.base/jdk.internal.reflect.NativeMethodAccessorImpl.invoke(NativeMethodAccessorImpl.java:77)
at java.base/jdk.internal.reflect.DelegatingMethodAccessorImpl.invoke(DelegatingMethodAccessorImpl.java:43)
at java.base/java.lang.reflect.Method.invoke(Method.java:568)
at org.testng.internal.MethodInvocationHelper.invokeMethod(MethodInvocationHelper.java:132)
at org.testng.internal.MethodInvocationHelper.invokeMethodConsideringTimeout(MethodInvocationHelper.java:61)
at org.testng.internal.ConfigInvoker.invokeConfigurationMethod(ConfigInvoker.java:366)
at org.testng.internal.ConfigInvoker.invokeConfigurations(ConfigInvoker.java:320)
at org.testng.TestRunner.invokeTestConfigurations(TestRunner.java:617)
at org.testng.TestRunner.beforeRun(TestRunner.java:607)
at org.testng.TestRunner.run(TestRunner.java:578)
at org.testng.SuiteRunner.runTest(SuiteRunner.java:384)
at org.testng.SuiteRunner.runSequentially(SuiteRunner.java:378)
at org.testng.SuiteRunner.privateRun(SuiteRunner.java:337)
at org.testng.SuiteRunner.run(SuiteRunner.java:286)
at org.testng.SuiteRunnerWorker.runSuite(SuiteRunnerWorker.java:53)
at org.testng.SuiteRunnerWorker.run(SuiteRunnerWorker.java:96)
at org.testng.TestNG.runSuitesSequentially(TestNG.java:1218)
at org.testng.TestNG.runSuitesLocally(TestNG.java:1140)
at org.testng.TestNG.runSuites(TestNG.java:1069)
at org.testng.TestNG.run(TestNG.java:1037)
at org.testng.remote.AbstractRemoteTestNG.run(AbstractRemoteTestNG.java:115)
at org.testng.remote.RemoteTestNG.initAndRun(RemoteTestNG.java:251)
at org.testng.remote.RemoteTestNG.main(RemoteTestNG.java:77)
]]>
    </failure>
  </testcase> <!-- @BeforeTest Max -->
  <testcase classname="CriticalFlowRun.Criticalflow" name="@BeforeClass url" time="-1.712736391939E9">
    <skipped/>
  </testcase> <!-- @BeforeClass url -->
  <testcase classname="CriticalFlowRun.Criticalflow" name="@AfterClass close" time="-1.712736392241E9">
    <skipped/>
  </testcase> <!-- @AfterClass close -->
  <testcase classname="CriticalFlowRun.Criticalflow" name="@AfterTest Report" time="-1.712736392246E9">
    <skipped/>
  </testcase> <!-- @AfterTest Report -->
  <testcase classname="CriticalFlowRun.Criticalflow" name="Customercreation100" time="0.0">
    <skipped/>
  </testcase> <!-- Customercreation100 -->
</testsuite> <!-- Default test -->
